\BOOKMARK [1][-]{section.1}{\376\377\006\050\006\056\006\064\000\040\006\047\006\110\006\104\000:\000\040\006\050\006\061\006\052\006\061\006\314\000\040\006\176\006\061\006\110\006\230\006\107}{}% 1
\BOOKMARK [2][-]{subsection.1.1}{\376\377\006\047\006\063\006\105\000\040\006\176\006\061\006\110\006\230\006\107}{section.1}% 2
\BOOKMARK [2][-]{subsection.1.2}{\376\377\006\052\006\110\006\066\006\314\006\055\000\040\006\251\006\104\006\314\000\040\006\176\006\061\006\110\006\230\006\107}{section.1}% 3
\BOOKMARK [2][-]{subsection.1.3}{\376\377\006\066\006\061\006\110\006\061\006\052\000\040\006\047\006\106\006\054\006\047\006\105\000\040\006\176\006\061\006\110\006\230\006\107}{section.1}% 4
\BOOKMARK [2][-]{subsection.1.4}{\376\377\006\054\006\106\006\050\006\107\040\014\006\107\006\047\006\314\000\040\006\106\006\110\006\042\006\110\006\061\006\314}{section.1}% 5
\BOOKMARK [2][-]{subsection.1.5}{\376\377\006\056\006\057\006\105\006\047\006\052\000\040\006\102\006\047\006\050\006\104\000\040\006\047\006\061\006\047\006\046\006\107}{section.1}% 6
\BOOKMARK [2][-]{subsection.1.6}{\376\377\006\047\006\063\006\052\006\101\006\047\006\057\006\107\000\040\006\251\006\106\006\106\006\057\006\257\006\047\006\106\000\040\006\047\006\065\006\104\006\314\000\040\006\047\006\062\000\040\006\106\006\061\006\105\040\014\006\047\006\101\006\062\006\047\006\061\000\040\000\050\006\106\006\102\006\064\040\014\006\107\006\047\000\051}{section.1}% 7
\BOOKMARK [2][-]{subsection.1.7}{\376\377\006\063\006\314\006\063\006\052\006\105\040\014\006\107\006\047\006\314\000\040\006\105\006\064\006\047\006\050\006\107\000\040\006\110\000\040\006\063\006\061\006\110\006\314\006\063\040\014\006\107\006\047\006\314\000\040\006\047\006\061\006\047\006\046\006\107\000\040\006\064\006\057\006\107}{section.1}% 8
\BOOKMARK [2][-]{subsection.1.8}{\376\377\006\052\006\110\006\054\006\314\006\107\000\040\006\047\006\102\006\052\006\065\006\047\006\057\006\314\000\040\006\176\006\061\006\110\006\230\006\107}{section.1}% 9
\BOOKMARK [3][-]{subsubsection.1.8.1}{\376\377\006\052\006\055\006\104\006\314\006\104\000\040\006\107\006\062\006\314\006\106\006\107}{subsection.1.8}% 10
\BOOKMARK [3][-]{subsubsection.1.8.2}{\376\377\006\052\006\056\006\105\006\314\006\106\000\040\006\057\006\061\006\042\006\105\006\057}{subsection.1.8}% 11
\BOOKMARK [2][-]{subsection.1.9}{\376\377\006\047\006\101\006\061\006\047\006\057\000\040\006\176\006\061\006\110\006\230\006\107}{section.1}% 12
\BOOKMARK [2][-]{subsection.1.10}{\376\377\006\052\006\047\006\053\006\314\006\061\000\040\006\105\006\053\006\050\006\052\000\040\006\057\006\061\000\040\006\042\006\314\006\106\006\057\006\107\000\040\006\251\006\047\006\061\006\314}{section.1}% 13
\BOOKMARK [2][-]{subsection.1.11}{\376\377\006\047\006\314\006\057\006\107\000\040\006\050\006\061\006\047\006\314\000\040\006\042\006\314\006\106\006\057\006\107\000\040\006\050\006\061\006\106\006\047\006\105\006\107}{section.1}% 14
\BOOKMARK [1][-]{section.2}{\376\377\006\050\006\056\006\064\000\040\006\057\006\110\006\105\000:\000\040\006\052\006\047\006\053\006\314\006\061\006\257\006\060\006\047\006\061\006\314}{}% 15
\BOOKMARK [2][-]{subsection.2.1}{\376\377\006\102\006\047\006\050\006\104\006\314\006\052\000\040\006\206\006\047\006\176\000\040\006\057\006\061\000\040\006\102\006\047\006\104\006\050\000\040\006\105\006\102\006\047\006\104\006\107\000\040\006\110\000\040\006\112\006\047\000\040\006\257\006\062\006\047\006\061\006\064\000\040\006\071\006\104\006\105\006\112}{section.2}% 16
\BOOKMARK [2][-]{subsection.2.2}{\376\377\006\047\006\067\006\104\006\047\006\071\000\040\006\061\006\063\006\047\006\106\006\314\000\040\006\106\006\052\006\047\006\112\006\054\000\040\006\103\006\047\006\061\000\040\006\050\006\107\000\040\006\257\006\061\006\110\006\107\000\040\006\107\006\047\006\112\000\040\006\107\006\057\006\101\006\014\000\040\006\064\006\047\006\105\006\104\000\040\006\103\006\047\006\061\006\050\006\061\006\047\006\106\000\040\006\110\000\040\006\050\006\102\006\112\006\107\000\040\006\047\006\101\006\061\006\047\006\057\000\040\006\057\006\061\006\257\006\112\006\061}{section.2}% 17
\BOOKMARK [2][-]{subsection.2.3}{\376\377\006\052\006\050\006\047\006\057\006\104\000\040\006\057\006\110\000\040\006\067\006\061\006\101\006\107\000\040\006\050\006\047\000\040\006\105\006\064\006\052\006\061\006\314}{section.2}% 18
\BOOKMARK [1][-]{section.3}{\376\377\006\050\006\056\006\064\000\040\006\063\006\110\006\105\000:\000\040\006\176\006\314\006\047\006\057\006\107\000\040\006\063\006\047\006\062\006\314}{}% 19
\BOOKMARK [2][-]{subsection.3.1}{\376\377\006\052\006\102\006\063\006\314\006\105\000\040\006\101\006\047\006\062\006\107\006\047}{section.3}% 20
\BOOKMARK [2][-]{subsection.3.2}{\376\377\006\050\006\314\006\047\006\106\000\040\006\050\006\061\006\106\006\047\006\105\006\107\000\040\006\047\006\055\006\052\006\105\006\047\006\104\006\314}{section.3}% 21
\BOOKMARK [2][-]{subsection.3.3}{\376\377\006\050\006\061\006\061\006\063\006\314\000\040\006\061\006\314\006\063\006\251\040\014\006\107\006\047\006\314\000\040\006\047\006\055\006\052\006\105\006\047\006\104\006\314\000\040\006\176\006\061\006\110\006\230\006\107}{section.3}% 22
